[2013-11-26 23:25:54] D 3  --  /home/faye/ich/f_link/b
[2013-11-26 23:25:58] D 4096  --  /home/faye/ich/f_link
[2013-11-26 23:26:33] M 4  8  /home/faye/ich/a
[2013-11-26 23:26:33] A 4  8  /home/faye/ich/a
[2013-11-26 23:26:33] A 4  8  /home/faye/ich/a
[2013-11-26 23:26:56] D 4096  --  /home/faye/ich/aa
[2013-12-04 19:20:04] D 12  --  /home/faye/ich/a
[2013-12-04 19:34:03] D 0  --  /home/faye/ich/cc
[2013-12-04 19:58:41] D 0  --  /home/faye/ich/a
[2013-12-04 23:11:54] M 0  6  /home/faye/ich/cc
[2013-12-04 23:11:54] A 0  6  /home/faye/ich/cc
[2013-12-04 23:13:46] M 0  6  /home/faye/ich/cc
[2013-12-04 23:13:46] + -2  0  /home/faye/ich/a
[2013-12-04 23:13:46] D 0  --  /home/faye/ich/b
[2013-12-04 23:13:48] M 0  6  /home/faye/ich/cc
[2013-12-04 23:13:48] + -2  0  /home/faye/ich/a
[2013-12-04 23:13:48] D 0  --  /home/faye/ich/b
[2013-12-04 23:21:21] M 0  6  /home/faye/ich/cc
[2013-12-04 23:21:21] + -2  0  /home/faye/ich/a
[2013-12-04 23:21:21] D 0  --  /home/faye/ich/b
[2013-12-04 23:21:50] M 6  11  /home/faye/ich/cc
[2013-12-04 23:21:50] A 6  11  /home/faye/ich/cc
[2013-12-04 23:26:46] M 0  11  /home/faye/ich/cc
[2013-12-04 23:26:46] + -2  0  /home/faye/ich/a
[2013-12-04 23:26:46] D 0  --  /home/faye/ich/b
[2013-12-10 13:32:34] M 0  11  /home/faye/ich/cc
[2013-12-10 13:32:34] + -2  0  /home/faye/ich/a
[2013-12-10 13:32:34] D 4096  --  /home/faye/ich/d_link
[2013-12-10 13:32:34] D 8  --  /home/faye/ich/d_link/a
[2013-12-10 13:32:34] D 0  --  /home/faye/ich/a_link
[2013-12-10 13:32:34] D 0  --  /tmp/aa
[2013-12-10 13:32:34] D 0  --  /home/faye/ich/b
[2013-12-10 13:32:34] D 4096  --  /home/faye/ich
[2013-12-10 13:32:34] D 36864  --  /tmp
[2013-12-10 13:32:34] D 0  --  /tmp/aa
[2013-12-10 13:32:34] D 12288  --  /home/faye
[2013-12-10 13:32:34] D 4096  --  /home/faye/ich
[2013-12-10 13:32:48] M 0  11  /home/faye/ich/cc
[2013-12-10 13:32:48] + -2  0  /home/faye/ich/a
[2013-12-10 13:32:48] D 4096  --  /home/faye/ich/d_link
[2013-12-10 13:32:48] D 8  --  /home/faye/ich/d_link/a
[2013-12-10 13:32:48] D 0  --  /home/faye/ich/a_link
[2013-12-10 13:32:48] D 0  --  /tmp/aa
[2013-12-10 13:32:48] D 0  --  /home/faye/ich/b
[2013-12-10 13:32:48] D 4096  --  /home/faye/ich
[2013-12-10 13:32:48] D 36864  --  /tmp
[2013-12-10 13:32:48] D 0  --  /tmp/aa
[2013-12-10 13:32:48] D 12288  --  /home/faye
[2013-12-10 13:32:48] D 4096  --  /home/faye/ich
[2013-12-10 13:54:47] + -2  0  /home/faye/ich/.n
